
     Program LD1 v.6.4.1 starts on 18Oct2024 at 15:40: 7 

     This program is part of the open-source Quantum ESPRESSO suite
     for quantum simulation of materials; please cite
         "P. Giannozzi et al., J. Phys.:Condens. Matter 21 395502 (2009);
         "P. Giannozzi et al., J. Phys.:Condens. Matter 29 465901 (2017);
          URL http://www.quantum-espresso.org", 
     in publications or presentations arising from this work. More details at
     http://www.quantum-espresso.org/quote

     Parallel version (MPI), running on    10 processors

     MPI processes distributed on     1 nodes
     R & G space division:  proc/nbgrp/npool/nimage =      10
     Reading input from Oh.pbe.in
     PAW data will be used for GIPAW calculation
 F
 error           0
 F
 error           0
 F
 error           0
 F
 error           0
 F
 error           0
 F
 error           0
 F
 error           0
 F
 error           0
 F
 error           0
 F
 error           0
     --------------------------- All-electron run ----------------------------

     O                                                                          
     scalar relativistic calculation

     atomic number is  8.00
     dft =PBE   lsd =0 sic =0 latt =0  beta=0.20 tr2=1.0E-14
     Exchange-correlation      = PBE ( 1  4  3  4 0 0)
     mesh =1095 r(mesh) =  99.04343 a.u. xmin = -7.00 dx = 0.01250
     1 Ry =  13.60569193 eV, c = 137.03599966

     n l     nl                  e(Ry)          e(Ha)          e(eV)
     1 0     1S 1( 1.00)       -44.7045       -22.3523      -608.2363
     2 0     2S 1( 2.00)        -3.9346        -1.9673       -53.5328
     2 1     2P 1( 3.50)        -2.8557        -1.4279       -38.8541

     final scf error:  2.7E-15 reached in  19 iterations
 
     Etot =    -107.982224 Ry,     -53.991112 Ha,   -1469.172873 eV

     Ekin =     107.761150 Ry,      53.880575 Ha,    1466.165010 eV
     Encl =    -252.683129 Ry,    -126.341564 Ha,   -3437.928807 eV
     Eh   =      48.785193 Ry,      24.392597 Ha,     663.756313 eV
     Exc  =     -11.845439 Ry,      -5.922719 Ha,    -161.165389 eV


     normalization and overlap integrals

     s(1S/1S) =  1.000000  <r> =   0.1921  <r2> =    0.0496  r(max) =   0.1266
     s(1S/2S) = -0.000260
     s(2S/2S) =  1.000000  <r> =   0.9878  <r2> =    1.1679  r(max) =   0.7851
     s(2P/2P) =  1.000000  <r> =   0.9372  <r2> =    1.1117  r(max) =   0.6757

     ------------------------ End of All-electron run ------------------------


     --------------------- Generating PAW atomic setup --------------------


      Generating local potential from pseudized AE potential:
      Matching radius rcloc =   1.1000

      Local pseudo, rcloc= 1.100 Estimated cut-off energy=    19.32 Ry

      Computing core charge for nlcc: 

       r > 0.70 : true rho core
      Core charge pseudized with two Bessel functions
      Integrated core pseudo-charge :   0.08
      Wfc-us  2S rcutus= 1.311  Estimated cut-off energy=    29.07 Ry
      Wfc-us  2S rcutus= 1.311  Estimated cut-off energy=    58.94 Ry
      Wfc-us  2P rcutus= 1.344  Estimated cut-off energy=    44.52 Ry
      Wfc-us  2P rcutus= 1.344  Estimated cut-off energy=    82.13 Ry

      The bmat matrix
     1.98671     2.69539     0.00000     0.00000
     1.70351     2.23985     0.00000     0.00000
     0.00000     0.00000    -1.17526    -1.05182
     0.00000     0.00000    -0.79264    -1.40401

      The bmat + epsilon qq matrix
     2.71385     2.49428     0.00000     0.00000
     2.49480     2.02812     0.00000     0.00000
     0.00000     0.00000    -1.93117    -1.04736
     0.00000     0.00000    -1.04711    -1.40501

      The qq matrix
    -0.18481    -0.20111     0.00000     0.00000
    -0.20111    -0.21173     0.00000     0.00000
     0.00000     0.00000     0.26470     0.08911
     0.00000     0.00000     0.08911    -0.01997


    multipoles (all-electron charge) - (pseudo charge)
        ns l1:ns1 l2    l=0     l=1     l=2     l=3     l=4     l=5  
         1  0:  1  0 -0.1848
         2  0:  1  0 -0.2011
         2  0:  2  0 -0.2117
         3  1:  1  0  0.0000 -0.0320
         3  1:  2  0  0.0000 -0.0074
         3  1:  3  1  0.2647  0.0000  0.0791
         4  1:  1  0  0.0000  0.0671
         4  1:  2  0  0.0000  0.0599
         4  1:  3  1  0.0891  0.0000  0.0089
         4  1:  4  1 -0.0200  0.0000 -0.0226
     Required augmentation: PSQ   radius:    1.350000

     Q pseudized with Bessel functions
     Expected ecutrho=     322.9639 due to l1=  1   l2=  1

     Estimated PAW energy =  -48.855642 Ryd

     The PAW screened D coefficients
     2.71385     2.49480     0.00000     0.00000
     2.49480     2.02812     0.00000     0.00000
     0.00000     0.00000    -1.93117    -1.04711
     0.00000     0.00000    -1.04711    -1.40501

     The PAW descreened D coefficients (US)
     0.46881    -0.00623     0.00000     0.00000
    -0.00623    -0.68254     0.00000     0.00000
     0.00000     0.00000     1.31064     0.36014
     0.00000     0.00000     0.36014    -1.32568

     ------------------- End of pseudopotential generation -------------------

 F
 error           0
 F
 error           0
 F
 error           0
 F
 error           0
 F
 error           0
 F
 error           0
 F
 error           0
 F
 error           0
 F
 error           0
 F
 error           0
     --------------------------- All-electron run ----------------------------

     O                                                                          
     scalar relativistic calculation

     atomic number is  8.00
     dft = SLA  PW   PBX  PBC   lsd =0 sic =0 latt =0  beta=0.20 tr2=1.0E-14
     Exchange-correlation      =  SLA  PW   PBX  PBC ( 1  4  3  4 0 0)
     mesh =1095 r(mesh) =  99.04343 a.u. xmin = -7.00 dx = 0.01250
     1 Ry =  13.60569193 eV, c = 137.03599966

     n l     nl                  e(Ry)          e(Ha)          e(eV)
     1 0     1S 1( 1.00)       -44.7045       -22.3523      -608.2363
     2 0     2S 1( 2.00)        -3.9346        -1.9673       -53.5328
     2 1     2P 1( 3.50)        -2.8557        -1.4279       -38.8541

     final scf error:  2.7E-15 reached in  19 iterations
 
     Etot =    -107.982224 Ry,     -53.991112 Ha,   -1469.172873 eV

     Ekin =     107.761150 Ry,      53.880575 Ha,    1466.165010 eV
     Encl =    -252.683129 Ry,    -126.341564 Ha,   -3437.928807 eV
     Eh   =      48.785193 Ry,      24.392597 Ha,     663.756313 eV
     Exc  =     -11.845439 Ry,      -5.922719 Ha,    -161.165389 eV


     normalization and overlap integrals

     s(1S/1S) =  1.000000  <r> =   0.1921  <r2> =    0.0496  r(max) =   0.1266
     s(1S/2S) = -0.000260
     s(2S/2S) =  1.000000  <r> =   0.9878  <r2> =    1.1679  r(max) =   0.7851
     s(2P/2P) =  1.000000  <r> =   0.9372  <r2> =    1.1117  r(max) =   0.6757

     ------------------------ End of All-electron run ------------------------


     ---------------------- Testing the pseudopotential ----------------------

     O                                                                          
     scalar relativistic calculation

     atomic number is  8.00   valence charge is  7.00
     dft = SLA  PW   PBX  PBC   lsd =0 sic =0 latt =0  beta=0.20 tr2=1.0E-14
     mesh =1095 r(mesh) =  99.04343 xmin = -7.00 dx = 0.01250

     n l     nl             e AE (Ry)        e PS (Ry)    De AE-PS (Ry) 
     1 0     2S   1( 2.00)       -3.93459       -3.93459        0.00000
     2 1     2P   1( 3.50)       -2.85573       -2.85573        0.00001

     eps = 8.4E-15  iter =  3
 
     Etot =    -107.982224 Ry,     -53.991112 Ha,   -1469.172873 eV
     Etotps =   -48.855658 Ry,     -24.427829 Ha,    -664.715033 eV

     Ekin =      45.732758 Ry,      22.866379 Ha,     622.225816 eV
     Encl =    -111.685326 Ry,     -55.842663 Ha,   -1519.556141 eV
     Ehrt =      28.942345 Ry,      14.471172 Ha,     393.780624 eV
     Ecxc =     -11.845434 Ry,      -5.922717 Ha,    -161.165332 eV
     (Ecc =      -0.076423 Ry,      -0.038211 Ha,      -1.039787 eV)

     ---------------------- End of pseudopotential test ----------------------

